<?xml version="1.0" encoding="UTF-8"?>
<!-- Generated by org.testng.reporters.JUnitReportReporter -->
<testsuite hostname="DESKTOP-02HTNM8" failures="0" tests="3" name="com.nxtgenai.sanity.HandlingPopUp" time="3.381" errors="0" timestamp="2023-09-17T18:39:48 IST" skipped="0">
  <testcase classname="com.nxtgenai.sanity.HandlingPopUp" name="launchApplication" time="3.050"/>
  <system-out/>
  <testcase classname="com.nxtgenai.sanity.HandlingPopUp" name="handlingPopUp" time="0.136"/>
  <system-out/>
  <testcase classname="com.nxtgenai.sanity.HandlingPopUp" name="closeApplication" time="0.195"/>
  <system-out/>
</testsuite> <!-- com.nxtgenai.sanity.HandlingPopUp -->
