<?xml version="1.0" encoding="UTF-8"?>
<!-- Generated by org.testng.reporters.JUnitReportReporter -->
<testsuite hostname="DESKTOP-02HTNM8" failures="0" tests="3" name="com.nxtgenai.sanity.HandlingPopUp" time="3.283" errors="0" timestamp="2023-09-17T18:45:21 IST" skipped="0">
  <testcase classname="com.nxtgenai.sanity.HandlingPopUp" name="launchApplication" time="2.938"/>
  <system-out/>
  <testcase classname="com.nxtgenai.sanity.HandlingPopUp" name="handlingPopUp" time="0.132"/>
  <system-out/>
  <testcase classname="com.nxtgenai.sanity.HandlingPopUp" name="closeApplication" time="0.213"/>
  <system-out/>
</testsuite> <!-- com.nxtgenai.sanity.HandlingPopUp -->
